<?xml version="1.0" encoding="utf-8"?><testsuites name="pytest tests"><testsuite name="pytest" errors="0" failures="0" skipped="0" tests="19" time="6.570" timestamp="2026-03-23T10:41:40.552475+00:00" hostname="agent-env-fea7d9f6-698f-4485-951a-18dfca87a115"><testcase classname="backend.tests.test_port_lineups.TestPortLineupsAuth" name="test_dates_requires_auth" time="0.231" /><testcase classname="backend.tests.test_port_lineups.TestPortLineupsAuth" name="test_report_requires_auth" time="0.121" /><testcase classname="backend.tests.test_port_lineups.TestPortLineupsAuth" name="test_summary_requires_auth" time="0.112" /><testcase classname="backend.tests.test_port_lineups.TestPortLineupsDates" name="test_get_dates_returns_list" time="0.395" /><testcase classname="backend.tests.test_port_lineups.TestPortLineupsDates" name="test_dates_sorted_descending" time="0.364" /><testcase classname="backend.tests.test_port_lineups.TestPortLineupsDates" name="test_dates_count_is_92" time="0.367" /><testcase classname="backend.tests.test_port_lineups.TestPortLineupsReport" name="test_get_report_for_latest_date" time="0.395" /><testcase classname="backend.tests.test_port_lineups.TestPortLineupsReport" name="test_report_has_12_ports" time="0.389" /><testcase classname="backend.tests.test_port_lineups.TestPortLineupsReport" name="test_port_data_structure" time="0.389" /><testcase classname="backend.tests.test_port_lineups.TestPortLineupsReport" name="test_vessel_data_structure" time="0.373" /><testcase classname="backend.tests.test_port_lineups.TestPortLineupsReport" name="test_report_not_found" time="0.382" /><testcase classname="backend.tests.test_port_lineups.TestPortLineupsReport" name="test_port_names_include_turkish_chars" time="0.365" /><testcase classname="backend.tests.test_port_lineups.TestPortLineupsSummary" name="test_summary_returns_latest_date" time="0.361" /><testcase classname="backend.tests.test_port_lineups.TestPortLineupsSummary" name="test_summary_has_port_counts" time="0.364" /><testcase classname="backend.tests.test_port_lineups.TestPortLineupsSummary" name="test_summary_total_vessels" time="0.370" /><testcase classname="backend.tests.test_port_lineups.TestPortLineupsSummary" name="test_summary_total_dates" time="0.369" /><testcase classname="backend.tests.test_port_lineups.TestDaysSinceCalculation" name="test_vessel_has_arrival_date" time="0.384" /><testcase classname="backend.tests.test_port_lineups.TestStatusValues" name="test_status_values_are_valid" time="0.384" /><testcase classname="backend.tests.test_port_lineups.TestSearchFunctionality" name="test_vessels_have_searchable_fields" time="0.372" /></testsuite></testsuites>