<?xml version="1.0" encoding="utf-8"?><testsuites name="pytest tests"><testsuite name="pytest" errors="0" failures="0" skipped="0" tests="25" time="12.005" timestamp="2026-03-30T18:40:10.315604+00:00" hostname="agent-env-8affc3a9-3263-43c7-b649-ecba73e59237"><testcase classname="backend.tests.test_regression_iteration17.TestAuthFlows" name="test_admin_login_success" time="0.384" /><testcase classname="backend.tests.test_regression_iteration17.TestAuthFlows" name="test_accountant_login_success" time="0.362" /><testcase classname="backend.tests.test_regression_iteration17.TestAuthFlows" name="test_login_invalid_credentials" time="0.110" /><testcase classname="backend.tests.test_regression_iteration17.TestAccountantRBAC" name="test_accountant_can_access_vendors" time="0.449" /><testcase classname="backend.tests.test_regression_iteration17.TestAccountantRBAC" name="test_accountant_can_access_bank_accounts" time="0.431" /><testcase classname="backend.tests.test_regression_iteration17.TestAccountantRBAC" name="test_accountant_can_access_invoices" time="0.454" /><testcase classname="backend.tests.test_regression_iteration17.TestAccountantRBAC" name="test_accountant_can_access_bank_statements" time="0.485" /><testcase classname="backend.tests.test_regression_iteration17.TestAccountantRBAC" name="test_accountant_cannot_create_vendor" time="0.799" /><testcase classname="backend.tests.test_regression_iteration17.TestTradesAPI" name="test_list_trades" time="0.458" /><testcase classname="backend.tests.test_regression_iteration17.TestTradesAPI" name="test_get_single_trade" time="0.553" /><testcase classname="backend.tests.test_regression_iteration17.TestBankStatementEdit" name="test_bank_statement_edit_endpoint_exists" time="0.583" /><testcase classname="backend.tests.test_regression_iteration17.TestEventsAPI" name="test_list_events" time="0.448" /><testcase classname="backend.tests.test_regression_iteration17.TestEventsAPI" name="test_create_multi_day_event" time="0.619" /><testcase classname="backend.tests.test_regression_iteration17.TestInvoicesAPI" name="test_list_invoices" time="0.497" /><testcase classname="backend.tests.test_regression_iteration17.TestDraftDocumentsAPI" name="test_get_draft_documents" time="0.592" /><testcase classname="backend.tests.test_regression_iteration17.TestReferenceDataAPI" name="test_commodities_list" time="0.473" /><testcase classname="backend.tests.test_regression_iteration17.TestReferenceDataAPI" name="test_ports_list" time="0.495" /><testcase classname="backend.tests.test_regression_iteration17.TestReferenceDataAPI" name="test_vessels_list" time="0.482" /><testcase classname="backend.tests.test_regression_iteration17.TestReferenceDataAPI" name="test_partners_list" time="0.506" /><testcase classname="backend.tests.test_regression_iteration17.TestMarketDataAPI" name="test_market_prices" time="0.506" /><testcase classname="backend.tests.test_regression_iteration17.TestMarketDataAPI" name="test_market_tenders" time="0.434" /><testcase classname="backend.tests.test_regression_iteration17.TestMarketDataAPI" name="test_turkish_exchanges" time="0.467" /><testcase classname="backend.tests.test_regression_iteration17.TestPortLineupsAPI" name="test_port_lineups_dates" time="0.440" /><testcase classname="backend.tests.test_regression_iteration17.TestPortLineupsAPI" name="test_port_lineups_summary" time="0.439" /><testcase classname="backend.tests.test_regression_iteration17.TestCommissionsAPI" name="test_invoices_include_commission_invoices" time="0.451" /></testsuite></testsuites>