<?xml version="1.0" encoding="utf-8"?><testsuites name="pytest tests"><testsuite name="pytest" errors="0" failures="0" skipped="0" tests="28" time="7.698" timestamp="2026-03-21T16:17:21.641991+00:00" hostname="agent-env-080adad2-4705-47d7-a5b8-81ab74173e3f"><testcase classname="tests.test_refactored_api.TestHealthAndAuth" name="test_health_endpoint" time="0.182" /><testcase classname="tests.test_refactored_api.TestHealthAndAuth" name="test_login_admin_success" time="0.347" /><testcase classname="tests.test_refactored_api.TestHealthAndAuth" name="test_login_accountant_success" time="0.345" /><testcase classname="tests.test_refactored_api.TestHealthAndAuth" name="test_login_invalid_credentials" time="0.099" /><testcase classname="tests.test_refactored_api.TestHealthAndAuth" name="test_auth_me_endpoint" time="0.438" /><testcase classname="tests.test_refactored_api.TestTradesEndpoints" name="test_list_trades" time="0.452" /><testcase classname="tests.test_refactored_api.TestTradesEndpoints" name="test_trades_stats_overview" time="0.099" /><testcase classname="tests.test_refactored_api.TestTradesEndpoints" name="test_create_trade" time="0.220" /><testcase classname="tests.test_refactored_api.TestTradesEndpoints" name="test_get_trade_by_id" time="0.335" /><testcase classname="tests.test_refactored_api.TestTradesEndpoints" name="test_update_trade" time="0.332" /><testcase classname="tests.test_refactored_api.TestTradesEndpoints" name="test_delete_trade" time="0.317" /><testcase classname="tests.test_refactored_api.TestPartnersEndpoints" name="test_list_partners" time="0.453" /><testcase classname="tests.test_refactored_api.TestPartnersEndpoints" name="test_create_partner" time="0.227" /><testcase classname="tests.test_refactored_api.TestPartnersEndpoints" name="test_get_partner_by_id" time="0.320" /><testcase classname="tests.test_refactored_api.TestVesselsEndpoints" name="test_list_vessels" time="0.471" /><testcase classname="tests.test_refactored_api.TestVesselsEndpoints" name="test_create_vessel" time="0.208" /><testcase classname="tests.test_refactored_api.TestReferenceDataEndpoints" name="test_list_commodities" time="0.452" /><testcase classname="tests.test_refactored_api.TestReferenceDataEndpoints" name="test_list_ports" time="0.108" /><testcase classname="tests.test_refactored_api.TestReferenceDataEndpoints" name="test_list_origins" time="0.101" /><testcase classname="tests.test_refactored_api.TestReferenceDataEndpoints" name="test_list_surveyors" time="0.107" /><testcase classname="tests.test_refactored_api.TestNotificationsEndpoints" name="test_list_notifications" time="0.434" /><testcase classname="tests.test_refactored_api.TestEventsEndpoints" name="test_list_events" time="0.438" /><testcase classname="tests.test_refactored_api.TestEventsEndpoints" name="test_create_event" time="0.200" /><testcase classname="tests.test_refactored_api.TestUsersEndpoints" name="test_list_users" time="0.438" /><testcase classname="tests.test_refactored_api.TestUsersEndpoints" name="test_get_trade_statuses" time="0.118" /><testcase classname="tests.test_refactored_api.TestUnauthorizedAccess" name="test_trades_requires_auth" time="0.110" /><testcase classname="tests.test_refactored_api.TestUnauthorizedAccess" name="test_partners_requires_auth" time="0.101" /><testcase classname="tests.test_refactored_api.TestUnauthorizedAccess" name="test_vessels_requires_auth" time="0.107" /></testsuite></testsuites>