<?xml version="1.0" encoding="utf-8"?><testsuites name="pytest tests"><testsuite name="pytest" errors="0" failures="1" skipped="0" tests="19" time="8.207" timestamp="2026-03-30T08:45:11.368537+00:00" hostname="agent-env-a833ce18-738e-436d-a261-5fe1578a0590"><testcase classname="tests.test_regression_iteration16.TestAuth" name="test_login_admin_success" time="0.391" /><testcase classname="tests.test_regression_iteration16.TestAuth" name="test_login_accountant_success" time="0.362"><failure message="assert 401 == 200&#10; +  where 401 = &lt;Response [401]&gt;.status_code">tests/test_regression_iteration16.py:39: in test_login_accountant_success
    assert response.status_code == 200
E   assert 401 == 200
E    +  where 401 = &lt;Response [401]&gt;.status_code</failure></testcase><testcase classname="tests.test_regression_iteration16.TestAuth" name="test_login_invalid_credentials" time="0.100" /><testcase classname="tests.test_regression_iteration16.TestConfigEndpoints" name="test_active_url_returns_correct_url" time="0.154" /><testcase classname="tests.test_regression_iteration16.TestTradesAPI" name="test_list_trades" time="0.448" /><testcase classname="tests.test_regression_iteration16.TestTradesAPI" name="test_get_single_trade" time="0.569" /><testcase classname="tests.test_regression_iteration16.TestTradesAPI" name="test_trades_stats_overview" time="0.425" /><testcase classname="tests.test_regression_iteration16.TestEventsAPI" name="test_list_events" time="0.437" /><testcase classname="tests.test_regression_iteration16.TestEventsAPI" name="test_create_event" time="0.533" /><testcase classname="tests.test_regression_iteration16.TestAccountingAPI" name="test_list_invoices" time="0.424" /><testcase classname="tests.test_regression_iteration16.TestAccountingAPI" name="test_list_bank_statements" time="0.437" /><testcase classname="tests.test_regression_iteration16.TestDraftDocumentsAPI" name="test_get_draft_documents" time="0.537" /><testcase classname="tests.test_regression_iteration16.TestSWIFTUploadAPI" name="test_swift_endpoints_exist" time="0.552" /><testcase classname="tests.test_regression_iteration16.TestCommissionsAPI" name="test_invoices_include_commission_invoices" time="0.423" /><testcase classname="tests.test_regression_iteration16.TestReferenceDataAPI" name="test_commodities_list" time="0.462" /><testcase classname="tests.test_regression_iteration16.TestReferenceDataAPI" name="test_ports_list" time="0.435" /><testcase classname="tests.test_regression_iteration16.TestReferenceDataAPI" name="test_vessels_list" time="0.447" /><testcase classname="tests.test_regression_iteration16.TestReferenceDataAPI" name="test_partners_list" time="0.438" /><testcase classname="tests.test_regression_iteration16.TestBuyerPaymentAPI" name="test_buyer_payment_endpoint_exists" time="0.541" /></testsuite></testsuites>