<?xml version="1.0" encoding="utf-8"?><testsuites name="pytest tests"><testsuite name="pytest" errors="0" failures="0" skipped="0" tests="6" time="3.591" timestamp="2026-03-22T12:03:54.456908+00:00" hostname="agent-env-883dbbf4-dd96-4e15-99c8-a9becf66222b"><testcase classname="backend.tests.test_bank_accounts.TestBankAccountsAPI" name="test_list_bank_accounts" time="0.561" /><testcase classname="backend.tests.test_bank_accounts.TestBankAccountsAPI" name="test_create_bank_account" time="0.598" /><testcase classname="backend.tests.test_bank_accounts.TestBankAccountsAPI" name="test_update_bank_account" time="0.570" /><testcase classname="backend.tests.test_bank_accounts.TestBankAccountsAPI" name="test_delete_bank_account" time="0.556" /><testcase classname="backend.tests.test_bank_accounts.TestBankAccountsAPI" name="test_unauthorized_access" time="0.456" /><testcase classname="backend.tests.test_bank_accounts.TestBankAccountsAPI" name="test_accountant_cannot_access" time="0.741" /></testsuite></testsuites>