<?xml version="1.0" encoding="utf-8"?><testsuites name="pytest tests"><testsuite name="pytest" errors="0" failures="0" skipped="0" tests="11" time="1.624" timestamp="2026-03-21T15:33:13.939121+00:00" hostname="agent-env-81435923-f342-470c-96e6-df2c5596902d"><testcase classname="backend.tests.test_trade_contacts" name="test_01_create_trade_with_buyer_contacts" time="0.584" /><testcase classname="backend.tests.test_trade_contacts" name="test_02_create_trade_with_cobroker_contacts" time="0.046" /><testcase classname="backend.tests.test_trade_contacts" name="test_03_create_trade_with_all_available_contacts" time="0.048" /><testcase classname="backend.tests.test_trade_contacts" name="test_04_get_trade_returns_contact_fields" time="0.096" /><testcase classname="backend.tests.test_trade_contacts" name="test_05_create_trade_with_null_contacts" time="0.046" /><testcase classname="backend.tests.test_trade_contacts" name="test_06_update_trade_contacts" time="0.142" /><testcase classname="backend.tests.test_trade_contacts" name="test_07_partners_have_contacts_arrays" time="0.050" /><testcase classname="backend.tests.test_trade_contacts" name="test_08_get_partner_by_id_returns_contacts" time="0.053" /><testcase classname="backend.tests.test_trade_contacts" name="test_09_contact_object_structure" time="0.047" /><testcase classname="backend.tests.test_trade_contacts" name="test_10_all_8_contact_fields_accepted" time="0.046" /><testcase classname="backend.tests.test_trade_contacts" name="test_99_cleanup" time="0.391" /></testsuite></testsuites>