<?xml version="1.0" encoding="utf-8"?><testsuites name="pytest tests"><testsuite name="pytest" errors="0" failures="0" skipped="0" tests="9" time="2.497" timestamp="2026-03-25T11:48:42.330253+00:00" hostname="agent-env-f4627273-b651-42a0-8e4f-117918d1c7c8"><testcase classname="backend.tests.test_doc_instructions.TestPortsAPI" name="test_ports_returns_name_and_country" time="0.509" /><testcase classname="backend.tests.test_doc_instructions.TestPortsAPI" name="test_discharge_ports_have_turkish_ports" time="0.120" /><testcase classname="backend.tests.test_doc_instructions.TestTradesAPI" name="test_trades_have_seller_surveyor_field" time="0.105" /><testcase classname="backend.tests.test_doc_instructions.TestDocInstructionsAPI" name="test_list_doc_instructions" time="0.101" /><testcase classname="backend.tests.test_doc_instructions.TestDocInstructionsAPI" name="test_create_di_with_seller_surveyor" time="0.346" /><testcase classname="backend.tests.test_doc_instructions.TestDocInstructionsAPI" name="test_create_di_auto_populates_seller_surveyor" time="0.336" /><testcase classname="backend.tests.test_doc_instructions.TestDocInstructionsAPI" name="test_update_di_preserves_seller_surveyor" time="0.403" /><testcase classname="backend.tests.test_doc_instructions.TestDocInstructionsAPI" name="test_get_di_returns_seller_surveyor" time="0.426" /><testcase classname="backend.tests.test_doc_instructions.TestSurveyorsAPI" name="test_surveyors_list" time="0.100" /></testsuite></testsuites>