<?xml version="1.0" encoding="utf-8"?><testsuites name="pytest tests"><testsuite name="pytest" errors="0" failures="0" skipped="0" tests="9" time="6.129" timestamp="2026-03-21T14:19:50.206238+00:00" hostname="agent-env-81435923-f342-470c-96e6-df2c5596902d"><testcase classname="backend.tests.test_password_change.TestAdminPasswordChange" name="test_admin_login_success" time="0.462" /><testcase classname="backend.tests.test_password_change.TestAdminPasswordChange" name="test_list_users" time="0.396" /><testcase classname="backend.tests.test_password_change.TestAdminPasswordChange" name="test_admin_can_update_user_fields" time="0.419" /><testcase classname="backend.tests.test_password_change.TestAdminPasswordChange" name="test_admin_can_change_user_password" time="1.554" /><testcase classname="backend.tests.test_password_change.TestAdminPasswordChange" name="test_non_admin_cannot_change_password" time="0.380" /><testcase classname="backend.tests.test_password_change.TestAdminPasswordChange" name="test_full_password_change_flow" time="1.239" /><testcase classname="backend.tests.test_password_change.TestEdgeCases" name="test_empty_password_field" time="0.771" /><testcase classname="backend.tests.test_password_change.TestEdgeCases" name="test_update_without_password" time="0.702" /><testcase classname="backend.tests.test_password_change.TestEdgeCases" name="test_unauthenticated_request" time="0.098" /></testsuite></testsuites>