<?xml version="1.0" encoding="utf-8"?><testsuites name="pytest tests"><testsuite name="pytest" errors="0" failures="0" skipped="0" tests="7" time="3.725" timestamp="2026-03-22T15:43:10.855100+00:00" hostname="agent-env-5c701738-973a-467e-8f1d-1f7b54c05fb7"><testcase classname="tests.test_loading_port.TestLoadingPort" name="test_ports_have_loading_type" time="0.509" /><testcase classname="tests.test_loading_port.TestLoadingPort" name="test_trade_mw2611_has_loading_port" time="0.525" /><testcase classname="tests.test_loading_port.TestLoadingPort" name="test_create_trade_with_loading_port" time="0.647" /><testcase classname="tests.test_loading_port.TestLoadingPort" name="test_update_trade_loading_port" time="0.613" /><testcase classname="tests.test_loading_port.TestLoadingPort" name="test_business_confirmation_pdf_has_country" time="0.626" /><testcase classname="tests.test_loading_port.TestPortsAPI" name="test_ports_have_type_field" time="0.382" /><testcase classname="tests.test_loading_port.TestPortsAPI" name="test_ports_have_country_field" time="0.354" /></testsuite></testsuites>