<?xml version="1.0" encoding="utf-8"?><testsuites name="pytest tests"><testsuite name="pytest" errors="0" failures="2" skipped="0" tests="34" time="10.941" timestamp="2026-04-01T18:30:48.717237+00:00" hostname="agent-env-885c4ca2-d690-433b-97d0-0b0fcc9074a7"><testcase classname="tests.test_regression_iteration19.TestAuth" name="test_admin_login" time="0.528" /><testcase classname="tests.test_regression_iteration19.TestAuth" name="test_accountant_login" time="0.400" /><testcase classname="tests.test_regression_iteration19.TestHealthAndConfig" name="test_health_endpoint" time="0.106" /><testcase classname="tests.test_regression_iteration19.TestHealthAndConfig" name="test_active_url_config" time="0.108" /><testcase classname="tests.test_regression_iteration19.TestTrades" name="test_get_trades_list" time="0.508" /><testcase classname="tests.test_regression_iteration19.TestTrades" name="test_get_trade_by_id" time="0.300" /><testcase classname="tests.test_regression_iteration19.TestTrades" name="test_trades_have_required_fields" time="0.164" /><testcase classname="tests.test_regression_iteration19.TestCommissionInvoicePDF" name="test_commission_invoice_pdf_endpoint" time="0.721" /><testcase classname="tests.test_regression_iteration19.TestCommissionInvoicePDF" name="test_commission_invoice_with_bank_selection" time="0.503" /><testcase classname="tests.test_regression_iteration19.TestDocumentaryInstructions" name="test_list_doc_instructions" time="0.599"><failure message="assert 401 == 200&#10; +  where 401 = &lt;Response [401]&gt;.status_code">tests/test_regression_iteration19.py:208: in test_list_doc_instructions
    assert response.status_code == 200
E   assert 401 == 200
E    +  where 401 = &lt;Response [401]&gt;.status_code</failure></testcase><testcase classname="tests.test_regression_iteration19.TestDocumentaryInstructions" name="test_doc_instructions_pdf_endpoint" time="0.251" /><testcase classname="tests.test_regression_iteration19.TestEmailSending" name="test_email_prefill_endpoint" time="0.629" /><testcase classname="tests.test_regression_iteration19.TestEmailSending" name="test_send_document_email_validation" time="0.118" /><testcase classname="tests.test_regression_iteration19.TestMarketData" name="test_market_prices" time="0.511" /><testcase classname="tests.test_regression_iteration19.TestMarketData" name="test_market_tenders" time="0.117" /><testcase classname="tests.test_regression_iteration19.TestMarketData" name="test_market_turkish_exchanges" time="0.173" /><testcase classname="tests.test_regression_iteration19.TestMarketData" name="test_market_coaster_freights" time="0.105"><failure message="assert 404 == 200&#10; +  where 404 = &lt;Response [404]&gt;.status_code">tests/test_regression_iteration19.py:324: in test_market_coaster_freights
    assert response.status_code == 200
E   assert 404 == 200
E    +  where 404 = &lt;Response [404]&gt;.status_code</failure></testcase><testcase classname="tests.test_regression_iteration19.TestPortLineups" name="test_port_lineups_dates" time="0.465" /><testcase classname="tests.test_regression_iteration19.TestPortLineups" name="test_port_lineups_summary" time="0.116" /><testcase classname="tests.test_regression_iteration19.TestAccounting" name="test_vendors_list" time="0.485" /><testcase classname="tests.test_regression_iteration19.TestAccounting" name="test_bank_accounts_list" time="0.123" /><testcase classname="tests.test_regression_iteration19.TestAccounting" name="test_bank_statements_list" time="0.127" /><testcase classname="tests.test_regression_iteration19.TestAccounting" name="test_invoices_list" time="0.113" /><testcase classname="tests.test_regression_iteration19.TestAccounting" name="test_accountant_cannot_create_vendor" time="0.457" /><testcase classname="tests.test_regression_iteration19.TestAccounting" name="test_accountant_can_read_vendors" time="0.123" /><testcase classname="tests.test_regression_iteration19.TestPartners" name="test_partners_list" time="0.436" /><testcase classname="tests.test_regression_iteration19.TestVessels" name="test_vessels_list" time="0.444" /><testcase classname="tests.test_regression_iteration19.TestReferenceData" name="test_commodities" time="0.436" /><testcase classname="tests.test_regression_iteration19.TestReferenceData" name="test_ports" time="0.101" /><testcase classname="tests.test_regression_iteration19.TestReferenceData" name="test_surveyors" time="0.099" /><testcase classname="tests.test_regression_iteration19.TestReferenceData" name="test_origins" time="0.156" /><testcase classname="tests.test_regression_iteration19.TestEvents" name="test_events_list" time="0.462" /><testcase classname="tests.test_regression_iteration19.TestGlobalSearch" name="test_search_contracts" time="0.469" /><testcase classname="tests.test_regression_iteration19.TestPublicLogo" name="test_public_logo" time="0.363" /></testsuite></testsuites>