<?xml version="1.0" encoding="utf-8"?><testsuites name="pytest tests"><testsuite name="pytest" errors="0" failures="1" skipped="0" tests="35" time="5.934" timestamp="2026-03-31T13:42:43.585717+00:00" hostname="agent-env-1caa18b8-822b-4b59-afa2-ada85d2c3f88"><testcase classname="backend.tests.test_regression_iteration18.TestAuthenticationFlow" name="test_admin_login_success" time="0.534" /><testcase classname="backend.tests.test_regression_iteration18.TestAuthenticationFlow" name="test_accountant_login_success" time="0.337" /><testcase classname="backend.tests.test_regression_iteration18.TestAuthenticationFlow" name="test_invalid_login_fails" time="0.102" /><testcase classname="backend.tests.test_regression_iteration18.TestPendingCommissionsBugFix" name="test_get_all_trades" time="0.441" /><testcase classname="backend.tests.test_regression_iteration18.TestPendingCommissionsBugFix" name="test_bek446_has_correct_fields" time="0.138" /><testcase classname="backend.tests.test_regression_iteration18.TestPendingCommissionsBugFix" name="test_only_bek446_has_unpaid_invoice" time="0.132" /><testcase classname="backend.tests.test_regression_iteration18.TestPendingCommissionsBugFix" name="test_trades_with_brokerage_status_have_paid_invoices" time="0.117" /><testcase classname="backend.tests.test_regression_iteration18.TestTradesAPI" name="test_get_trades_list" time="0.124" /><testcase classname="backend.tests.test_regression_iteration18.TestTradesAPI" name="test_get_single_trade" time="0.227" /><testcase classname="backend.tests.test_regression_iteration18.TestTradesAPI" name="test_trade_status_update" time="0.271" /><testcase classname="backend.tests.test_regression_iteration18.TestGlobalSearch" name="test_search_trades_endpoint" time="0.126" /><testcase classname="backend.tests.test_regression_iteration18.TestGlobalSearch" name="test_search_partners_endpoint" time="0.179" /><testcase classname="backend.tests.test_regression_iteration18.TestGlobalSearch" name="test_search_vessels_endpoint" time="0.118" /><testcase classname="backend.tests.test_regression_iteration18.TestVesselExecutionPage" name="test_get_commodities" time="0.125" /><testcase classname="backend.tests.test_regression_iteration18.TestVesselExecutionPage" name="test_get_ports" time="0.126" /><testcase classname="backend.tests.test_regression_iteration18.TestVesselExecutionPage" name="test_get_surveyors" time="0.110" /><testcase classname="backend.tests.test_regression_iteration18.TestVesselExecutionPage" name="test_get_origins" time="0.098" /><testcase classname="backend.tests.test_regression_iteration18.TestMarketDataPage" name="test_get_market_prices" time="0.109" /><testcase classname="backend.tests.test_regression_iteration18.TestMarketDataPage" name="test_get_market_tenders" time="0.122" /><testcase classname="backend.tests.test_regression_iteration18.TestMarketDataPage" name="test_get_market_news" time="0.124"><failure message="assert 404 == 200&#10; +  where 404 = &lt;Response [404]&gt;.status_code">backend/tests/test_regression_iteration18.py:259: in test_get_market_news
    assert response.status_code == 200
E   assert 404 == 200
E    +  where 404 = &lt;Response [404]&gt;.status_code</failure></testcase><testcase classname="backend.tests.test_regression_iteration18.TestAccountingPage" name="test_admin_can_access_vendors" time="0.110" /><testcase classname="backend.tests.test_regression_iteration18.TestAccountingPage" name="test_admin_can_access_bank_accounts" time="0.110" /><testcase classname="backend.tests.test_regression_iteration18.TestAccountingPage" name="test_admin_can_access_bank_statements" time="0.137" /><testcase classname="backend.tests.test_regression_iteration18.TestAccountingPage" name="test_accountant_can_read_vendors" time="0.436" /><testcase classname="backend.tests.test_regression_iteration18.TestAccountingPage" name="test_accountant_can_read_bank_accounts" time="0.123" /><testcase classname="backend.tests.test_regression_iteration18.TestAccountingPage" name="test_accountant_cannot_create_vendor" time="0.155" /><testcase classname="backend.tests.test_regression_iteration18.TestCalendarPage" name="test_get_events" time="0.143" /><testcase classname="backend.tests.test_regression_iteration18.TestPortLineupsPage" name="test_get_port_lineup_dates" time="0.110" /><testcase classname="backend.tests.test_regression_iteration18.TestPortLineupsPage" name="test_get_port_lineup_summary" time="0.120" /><testcase classname="backend.tests.test_regression_iteration18.TestCommissionsPage" name="test_get_invoices" time="0.122" /><testcase classname="backend.tests.test_regression_iteration18.TestCommissionsPage" name="test_get_bank_accounts_for_invoice" time="0.111" /><testcase classname="backend.tests.test_regression_iteration18.TestNewContractPage" name="test_get_partners_for_form" time="0.124" /><testcase classname="backend.tests.test_regression_iteration18.TestNewContractPage" name="test_get_commodities_for_form" time="0.105" /><testcase classname="backend.tests.test_regression_iteration18.TestNewContractPage" name="test_get_origins_for_form" time="0.121" /><testcase classname="backend.tests.test_regression_iteration18.TestYearFilterLogic" name="test_year_filter_includes_unpaid_brokerage" time="0.131" /></testsuite></testsuites>