<?xml version="1.0" encoding="utf-8"?><testsuites name="pytest tests"><testsuite name="pytest" errors="0" failures="0" skipped="0" tests="11" time="21.532" timestamp="2026-03-24T19:46:58.793388+00:00" hostname="agent-env-6997fcff-cdce-44e9-b636-385e6439a664"><testcase classname="backend.tests.test_market_data.TestMarketPrices" name="test_get_market_prices_returns_all_commodities" time="6.032" /><testcase classname="backend.tests.test_market_data.TestMarketPrices" name="test_gold_price_is_correct_range" time="3.732" /><testcase classname="backend.tests.test_market_data.TestMarketPrices" name="test_all_commodities_have_live_badge" time="3.647" /><testcase classname="backend.tests.test_market_data.TestMarketPrices" name="test_price_data_structure" time="4.153" /><testcase classname="backend.tests.test_market_data.TestTMOTenders" name="test_create_tender" time="0.662" /><testcase classname="backend.tests.test_market_data.TestTMOTenders" name="test_add_result_with_new_fields" time="0.782" /><testcase classname="backend.tests.test_market_data.TestTMOTenders" name="test_add_result_with_partial_prices" time="0.686" /><testcase classname="backend.tests.test_market_data.TestTMOTenders" name="test_delete_tender" time="0.706" /><testcase classname="backend.tests.test_market_data.TestTMOTenders" name="test_get_tenders" time="0.455" /><testcase classname="backend.tests.test_market_data.TestTMOTenders" name="test_tender_requires_auth" time="0.483" /><testcase classname="backend.tests.test_market_data.TestMarketPricesAuth" name="test_prices_require_auth" time="0.129" /></testsuite></testsuites>