<?xml version="1.0" encoding="utf-8"?><testsuites name="pytest tests"><testsuite name="pytest" errors="0" failures="4" skipped="0" tests="22" time="9.394" timestamp="2026-03-26T10:23:10.920810+00:00" hostname="agent-env-107ca7f1-504d-4fe9-9a1c-5b618f13cfd2"><testcase classname="tests.test_regression_ui_changes.TestAuthEndpoints" name="test_login_admin_success" time="0.481" /><testcase classname="tests.test_regression_ui_changes.TestAuthEndpoints" name="test_login_accountant_success" time="0.365" /><testcase classname="tests.test_regression_ui_changes.TestAuthEndpoints" name="test_login_invalid_credentials" time="0.139" /><testcase classname="tests.test_regression_ui_changes.TestHealthEndpoint" name="test_health_check" time="0.110" /><testcase classname="tests.test_regression_ui_changes.TestTradesEndpoints" name="test_list_trades" time="0.474" /><testcase classname="tests.test_regression_ui_changes.TestTradesEndpoints" name="test_get_trade_stats" time="0.447" /><testcase classname="tests.test_regression_ui_changes.TestAccountingEndpoints" name="test_list_invoices" time="0.473" /><testcase classname="tests.test_regression_ui_changes.TestAccountingEndpoints" name="test_list_bank_statements" time="0.499" /><testcase classname="tests.test_regression_ui_changes.TestAccountingEndpoints" name="test_list_bank_accounts" time="0.434" /><testcase classname="tests.test_regression_ui_changes.TestPortLineupsEndpoints" name="test_get_port_lineup_dates" time="0.464" /><testcase classname="tests.test_regression_ui_changes.TestPortLineupsEndpoints" name="test_get_port_lineup_summary" time="0.430" /><testcase classname="tests.test_regression_ui_changes.TestPortLineupsEndpoints" name="test_list_monthly_lineups" time="0.442" /><testcase classname="tests.test_regression_ui_changes.TestMarketDataEndpoints" name="test_list_indications" time="0.445"><failure message="assert 404 == 200&#10; +  where 404 = &lt;Response [404]&gt;.status_code">tests/test_regression_ui_changes.py:199: in test_list_indications
    assert response.status_code == 200
E   assert 404 == 200
E    +  where 404 = &lt;Response [404]&gt;.status_code</failure></testcase><testcase classname="tests.test_regression_ui_changes.TestMarketDataEndpoints" name="test_list_tmo_tenders" time="0.445"><failure message="assert 404 == 200&#10; +  where 404 = &lt;Response [404]&gt;.status_code">tests/test_regression_ui_changes.py:206: in test_list_tmo_tenders
    assert response.status_code == 200
E   assert 404 == 200
E    +  where 404 = &lt;Response [404]&gt;.status_code</failure></testcase><testcase classname="tests.test_regression_ui_changes.TestMarketDataEndpoints" name="test_list_coaster_freights" time="0.431"><failure message="assert 404 == 200&#10; +  where 404 = &lt;Response [404]&gt;.status_code">tests/test_regression_ui_changes.py:213: in test_list_coaster_freights
    assert response.status_code == 200
E   assert 404 == 200
E    +  where 404 = &lt;Response [404]&gt;.status_code</failure></testcase><testcase classname="tests.test_regression_ui_changes.TestReferenceDataEndpoints" name="test_list_commodities" time="0.458" /><testcase classname="tests.test_regression_ui_changes.TestReferenceDataEndpoints" name="test_list_ports" time="0.428" /><testcase classname="tests.test_regression_ui_changes.TestReferenceDataEndpoints" name="test_list_partners" time="0.451" /><testcase classname="tests.test_regression_ui_changes.TestReferenceDataEndpoints" name="test_list_vessels" time="0.434" /><testcase classname="tests.test_regression_ui_changes.TestReferenceDataEndpoints" name="test_list_origins" time="0.431" /><testcase classname="tests.test_regression_ui_changes.TestVendorsEndpoints" name="test_list_vendors" time="0.429" /><testcase classname="tests.test_regression_ui_changes.TestDocInstructionsEndpoints" name="test_list_doc_instructions" time="0.560"><failure message="assert 401 == 200&#10; +  where 401 = &lt;Response [401]&gt;.status_code">tests/test_regression_ui_changes.py:314: in test_list_doc_instructions
    assert response.status_code == 200
E   assert 401 == 200
E    +  where 401 = &lt;Response [401]&gt;.status_code</failure></testcase></testsuite></testsuites>