<?xml version="1.0" encoding="utf-8"?><testsuites name="pytest tests"><testsuite name="pytest" errors="0" failures="0" skipped="0" tests="23" time="29.326" timestamp="2026-03-25T08:34:43.161917+00:00" hostname="agent-env-5ca27de3-103b-457b-9a13-d09d109aae88"><testcase classname="backend.tests.test_turkish_exchanges.TestTurkishExchanges" name="test_get_turkish_exchanges" time="0.470" /><testcase classname="backend.tests.test_turkish_exchanges.TestTurkishExchanges" name="test_get_turkish_exchanges_by_date" time="0.558" /><testcase classname="backend.tests.test_turkish_exchanges.TestTurkishExchanges" name="test_get_available_dates" time="0.440" /><testcase classname="backend.tests.test_turkish_exchanges.TestTurkishExchanges" name="test_get_monthly_aggregated_data" time="0.419" /><testcase classname="backend.tests.test_turkish_exchanges.TestTurkishExchanges" name="test_get_monthly_data_gtb" time="0.447" /><testcase classname="backend.tests.test_turkish_exchanges.TestTurkishExchanges" name="test_scrape_turkish_exchanges" time="2.131" /><testcase classname="backend.tests.test_turkish_exchanges.TestTurkishExchanges" name="test_turkish_exchanges_require_auth" time="0.770" /><testcase classname="backend.tests.test_turkish_exchanges.TestMarketNotes" name="test_get_market_notes" time="0.418" /><testcase classname="backend.tests.test_turkish_exchanges.TestMarketNotes" name="test_get_notes_by_commodity" time="0.424" /><testcase classname="backend.tests.test_turkish_exchanges.TestMarketNotes" name="test_create_and_delete_note" time="0.574" /><testcase classname="backend.tests.test_turkish_exchanges.TestMarketNotes" name="test_get_note_years" time="0.432" /><testcase classname="backend.tests.test_turkish_exchanges.TestCoasterFreights" name="test_get_coaster_freight" time="1.362" /><testcase classname="backend.tests.test_market_data.TestMarketPrices" name="test_get_market_prices_returns_all_commodities" time="5.662" /><testcase classname="backend.tests.test_market_data.TestMarketPrices" name="test_gold_price_is_correct_range" time="3.870" /><testcase classname="backend.tests.test_market_data.TestMarketPrices" name="test_all_commodities_have_live_badge" time="4.478" /><testcase classname="backend.tests.test_market_data.TestMarketPrices" name="test_price_data_structure" time="3.384" /><testcase classname="backend.tests.test_market_data.TestTMOTenders" name="test_create_tender" time="0.561" /><testcase classname="backend.tests.test_market_data.TestTMOTenders" name="test_add_result_with_new_fields" time="0.619" /><testcase classname="backend.tests.test_market_data.TestTMOTenders" name="test_add_result_with_partial_prices" time="0.644" /><testcase classname="backend.tests.test_market_data.TestTMOTenders" name="test_delete_tender" time="0.635" /><testcase classname="backend.tests.test_market_data.TestTMOTenders" name="test_get_tenders" time="0.431" /><testcase classname="backend.tests.test_market_data.TestTMOTenders" name="test_tender_requires_auth" time="0.429" /><testcase classname="backend.tests.test_market_data.TestMarketPricesAuth" name="test_prices_require_auth" time="0.102" /></testsuite></testsuites>